Determining if the pthread_create exist failed with the following output:
Change Dir: /home/jacob/rosWearableWS/build/CMakeFiles/CMakeTmp

Run Build Command:"/usr/bin/make" "cmTC_1dfe9/fast"
/usr/bin/make -f CMakeFiles/cmTC_1dfe9.dir/build.make CMakeFiles/cmTC_1dfe9.dir/build
make[1]: Entering directory '/home/jacob/rosWearableWS/build/CMakeFiles/CMakeTmp'
Building C object CMakeFiles/cmTC_1dfe9.dir/CheckSymbolExists.c.o
/usr/bin/cc     -o CMakeFiles/cmTC_1dfe9.dir/CheckSymbolExists.c.o   -c /home/jacob/rosWearableWS/build/CMakeFiles/CMakeTmp/CheckSymbolExists.c
Linking C executable cmTC_1dfe9
/usr/bin/cmake -E cmake_link_script CMakeFiles/cmTC_1dfe9.dir/link.txt --verbose=1
/usr/bin/cc       CMakeFiles/cmTC_1dfe9.dir/CheckSymbolExists.c.o  -o cmTC_1dfe9 -rdynamic 
CMakeFiles/cmTC_1dfe9.dir/CheckSymbolExists.c.o: In function `main':
CheckSymbolExists.c:(.text+0x16): undefined reference to `pthread_create'
collect2: error: ld returned 1 exit status
CMakeFiles/cmTC_1dfe9.dir/build.make:97: recipe for target 'cmTC_1dfe9' failed
make[1]: *** [cmTC_1dfe9] Error 1
make[1]: Leaving directory '/home/jacob/rosWearableWS/build/CMakeFiles/CMakeTmp'
Makefile:126: recipe for target 'cmTC_1dfe9/fast' failed
make: *** [cmTC_1dfe9/fast] Error 2

File /home/jacob/rosWearableWS/build/CMakeFiles/CMakeTmp/CheckSymbolExists.c:
/* */
#include <pthread.h>

int main(int argc, char** argv)
{
  (void)argv;
#ifndef pthread_create
  return ((int*)(&pthread_create))[argc];
#else
  (void)argc;
  return 0;
#endif
}

Determining if the function pthread_create exists in the pthreads failed with the following output:
Change Dir: /home/jacob/rosWearableWS/build/CMakeFiles/CMakeTmp

Run Build Command:"/usr/bin/make" "cmTC_57412/fast"
/usr/bin/make -f CMakeFiles/cmTC_57412.dir/build.make CMakeFiles/cmTC_57412.dir/build
make[1]: Entering directory '/home/jacob/rosWearableWS/build/CMakeFiles/CMakeTmp'
Building C object CMakeFiles/cmTC_57412.dir/CheckFunctionExists.c.o
/usr/bin/cc    -DCHECK_FUNCTION_EXISTS=pthread_create   -o CMakeFiles/cmTC_57412.dir/CheckFunctionExists.c.o   -c /usr/share/cmake-3.5/Modules/CheckFunctionExists.c
Linking C executable cmTC_57412
/usr/bin/cmake -E cmake_link_script CMakeFiles/cmTC_57412.dir/link.txt --verbose=1
/usr/bin/cc   -DCHECK_FUNCTION_EXISTS=pthread_create    CMakeFiles/cmTC_57412.dir/CheckFunctionExists.c.o  -o cmTC_57412 -rdynamic -lpthreads 
/usr/bin/ld: cannot find -lpthreads
collect2: error: ld returned 1 exit status
CMakeFiles/cmTC_57412.dir/build.make:97: recipe for target 'cmTC_57412' failed
make[1]: *** [cmTC_57412] Error 1
make[1]: Leaving directory '/home/jacob/rosWearableWS/build/CMakeFiles/CMakeTmp'
Makefile:126: recipe for target 'cmTC_57412/fast' failed
make: *** [cmTC_57412/fast] Error 2


